# JRE version: OpenJDK Runtime Environment (8.0_152-b01) (build 1.8.0_152-release-915-b01)
# Java VM: OpenJDK 64-Bit Server VM (25.152-b01 mixed mode linux-amd64 compressed oops)
Heap:
 PSYoungGen      total 148480K, used 3358K [0x00000000e0000000, 0x00000000ec100000, 0x0000000100000000)
  eden space 131584K, 0% used [0x00000000e0000000,0x00000000e0000000,0x00000000e8080000)
  from space 16896K, 19% used [0x00000000e8080000,0x00000000e83c7af0,0x00000000e9100000)
  to   space 16384K, 0% used [0x00000000eb100000,0x00000000eb100000,0x00000000ec100000)
 ParOldGen       total 50176K, used 49890K [0x00000000a0000000, 0x00000000a3100000, 0x00000000e0000000)
  object space 50176K, 99% used [0x00000000a0000000,0x00000000a30b89c0,0x00000000a3100000)
 Metaspace       used 56956K, capacity 58984K, committed 59028K, reserved 1099776K
  class space    used 7792K, capacity 8366K, committed 8380K, reserved 1048576K
GC Heap History (10 events):
Event: 21.960 GC heap after
Heap after GC invocations=17 (full 2):
 PSYoungGen      total 91648K, used 6639K [0x00000000e0000000, 0x00000000e7d00000, 0x0000000100000000)
  eden space 84992K, 0% used [0x00000000e0000000,0x00000000e0000000,0x00000000e5300000)
  from space 6656K, 99% used [0x00000000e5300000,0x00000000e597bdf8,0x00000000e5980000)
  to   space 8192K, 0% used [0x00000000e7500000,0x00000000e7500000,0x00000000e7d00000)
 ParOldGen       total 46592K, used 18103K [0x00000000a0000000, 0x00000000a2d80000, 0x00000000e0000000)
  object space 46592K, 38% used [0x00000000a0000000,0x00000000a11add80,0x00000000a2d80000)
 Metaspace       used 41193K, capacity 42022K, committed 42456K, reserved 1085440K
  class space    used 5492K, capacity 5832K, committed 5888K, reserved 1048576K
}
Event: 24.361 GC heap before
{Heap before GC invocations=18 (full 2):
 PSYoungGen      total 91648K, used 91631K [0x00000000e0000000, 0x00000000e7d00000, 0x0000000100000000)
  eden space 84992K, 100% used [0x00000000e0000000,0x00000000e5300000,0x00000000e5300000)
  from space 6656K, 99% used [0x00000000e5300000,0x00000000e597bdf8,0x00000000e5980000)
  to   space 8192K, 0% used [0x00000000e7500000,0x00000000e7500000,0x00000000e7d00000)
 ParOldGen       total 46592K, used 18103K [0x00000000a0000000, 0x00000000a2d80000, 0x00000000e0000000)
  object space 46592K, 38% used [0x00000000a0000000,0x00000000a11add80,0x00000000a2d80000)
 Metaspace       used 47400K, capacity 48522K, committed 48728K, reserved 1091584K
  class space    used 6323K, capacity 6701K, committed 6784K, reserved 1048576K
Event: 24.403 GC heap after
Heap after GC invocations=18 (full 2):
 PSYoungGen      total 116736K, used 8182K [0x00000000e0000000, 0x00000000e8380000, 0x0000000100000000)
  eden space 108544K, 0% used [0x00000000e0000000,0x00000000e0000000,0x00000000e6a00000)
  from space 8192K, 99% used [0x00000000e7500000,0x00000000e7cfd888,0x00000000e7d00000)
  to   space 11264K, 0% used [0x00000000e6a00000,0x00000000e6a00000,0x00000000e7500000)
 ParOldGen       total 46592K, used 22958K [0x00000000a0000000, 0x00000000a2d80000, 0x00000000e0000000)
  object space 46592K, 49% used [0x00000000a0000000,0x00000000a166b878,0x00000000a2d80000)
 Metaspace       used 47400K, capacity 48522K, committed 48728K, reserved 1091584K
  class space    used 6323K, capacity 6701K, committed 6784K, reserved 1048576K
}
Event: 27.089 GC heap before
{Heap before GC invocations=19 (full 2):
 PSYoungGen      total 116736K, used 116726K [0x00000000e0000000, 0x00000000e8380000, 0x0000000100000000)
  eden space 108544K, 100% used [0x00000000e0000000,0x00000000e6a00000,0x00000000e6a00000)
  from space 8192K, 99% used [0x00000000e7500000,0x00000000e7cfd888,0x00000000e7d00000)
  to   space 11264K, 0% used [0x00000000e6a00000,0x00000000e6a00000,0x00000000e7500000)
 ParOldGen       total 46592K, used 22958K [0x00000000a0000000, 0x00000000a2d80000, 0x00000000e0000000)
  object space 46592K, 49% used [0x00000000a0000000,0x00000000a166b878,0x00000000a2d80000)
 Metaspace       used 54207K, capacity 55932K, committed 56280K, reserved 1097728K
  class space    used 7365K, capacity 7820K, committed 7936K, reserved 1048576K
Event: 27.158 GC heap after
Heap after GC invocations=19 (full 2):
 PSYoungGen      total 119808K, used 11241K [0x00000000e0000000, 0x00000000e9f80000, 0x0000000100000000)
  eden space 108544K, 0% used [0x00000000e0000000,0x00000000e0000000,0x00000000e6a00000)
  from space 11264K, 99% used [0x00000000e6a00000,0x00000000e74fa540,0x00000000e7500000)
  to   space 14848K, 0% used [0x00000000e9100000,0x00000000e9100000,0x00000000e9f80000)
 ParOldGen       total 46592K, used 28691K [0x00000000a0000000, 0x00000000a2d80000, 0x00000000e0000000)
  object space 46592K, 61% used [0x00000000a0000000,0x00000000a1c04ca0,0x00000000a2d80000)
 Metaspace       used 54207K, capacity 55932K, committed 56280K, reserved 1097728K
  class space    used 7365K, capacity 7820K, committed 7936K, reserved 1048576K
}
Event: 28.147 GC heap before
{Heap before GC invocations=20 (full 2):
 PSYoungGen      total 119808K, used 119785K [0x00000000e0000000, 0x00000000e9f80000, 0x0000000100000000)
  eden space 108544K, 100% used [0x00000000e0000000,0x00000000e6a00000,0x00000000e6a00000)
  from space 11264K, 99% used [0x00000000e6a00000,0x00000000e74fa540,0x00000000e7500000)
  to   space 14848K, 0% used [0x00000000e9100000,0x00000000e9100000,0x00000000e9f80000)
 ParOldGen       total 46592K, used 28691K [0x00000000a0000000, 0x00000000a2d80000, 0x00000000e0000000)
  object space 46592K, 61% used [0x00000000a0000000,0x00000000a1c04ca0,0x00000000a2d80000)
 Metaspace       used 55470K, capacity 57564K, committed 57816K, reserved 1099776K
  class space    used 7603K, capacity 8107K, committed 8192K, reserved 1048576K
Event: 28.200 GC heap after
Heap after GC invocations=20 (full 2):
 PSYoungGen      total 146432K, used 13632K [0x00000000e0000000, 0x00000000ea800000, 0x0000000100000000)
  eden space 131584K, 0% used [0x00000000e0000000,0x00000000e0000000,0x00000000e8080000)
  from space 14848K, 91% used [0x00000000e9100000,0x00000000e9e50000,0x00000000e9f80000)
  to   space 16896K, 0% used [0x00000000e8080000,0x00000000e8080000,0x00000000e9100000)
 ParOldGen       total 46592K, used 36535K [0x00000000a0000000, 0x00000000a2d80000, 0x00000000e0000000)
  object space 46592K, 78% used [0x00000000a0000000,0x00000000a23adfa8,0x00000000a2d80000)
 Metaspace       used 55470K, capacity 57564K, committed 57816K, reserved 1099776K
  class space    used 7603K, capacity 8107K, committed 8192K, reserved 1048576K
}
Event: 33.289 GC heap before
{Heap before GC invocations=21 (full 2):
 PSYoungGen      total 146432K, used 51440K [0x00000000e0000000, 0x00000000ea800000, 0x0000000100000000)
  eden space 131584K, 28% used [0x00000000e0000000,0x00000000e24ec3d8,0x00000000e8080000)
  from space 14848K, 91% used [0x00000000e9100000,0x00000000e9e50000,0x00000000e9f80000)
  to   space 16896K, 0% used [0x00000000e8080000,0x00000000e8080000,0x00000000e9100000)
 ParOldGen       total 46592K, used 36535K [0x00000000a0000000, 0x00000000a2d80000, 0x00000000e0000000)
  object space 46592K, 78% used [0x00000000a0000000,0x00000000a23adfa8,0x00000000a2d80000)
 Metaspace       used 56956K, capacity 58984K, committed 59028K, reserved 1099776K
  class space    used 7792K, capacity 8366K, committed 8380K, reserved 1048576K
Event: 33.327 GC heap after
Heap after GC invocations=21 (full 2):
 PSYoungGen      total 148480K, used 3358K [0x00000000e0000000, 0x00000000ec100000, 0x0000000100000000)
  eden space 131584K, 0% used [0x00000000e0000000,0x00000000e0000000,0x00000000e8080000)
  from space 16896K, 19% used [0x00000000e8080000,0x00000000e83c7af0,0x00000000e9100000)
  to   space 16384K, 0% used [0x00000000eb100000,0x00000000eb100000,0x00000000ec100000)
 ParOldGen       total 50176K, used 49890K [0x00000000a0000000, 0x00000000a3100000, 0x00000000e0000000)
  object space 50176K, 99% used [0x00000000a0000000,0x00000000a30b89c0,0x00000000a3100000)
 Metaspace       used 56956K, capacity 58984K, committed 59028K, reserved 1099776K
  class space    used 7792K, capacity 8366K, committed 8380K, reserved 1048576K
}
Event: 33.327 GC heap before
{Heap before GC invocations=22 (full 3):
 PSYoungGen      total 148480K, used 3358K [0x00000000e0000000, 0x00000000ec100000, 0x0000000100000000)
  eden space 131584K, 0% used [0x00000000e0000000,0x00000000e0000000,0x00000000e8080000)
  from space 16896K, 19% used [0x00000000e8080000,0x00000000e83c7af0,0x00000000e9100000)
  to   space 16384K, 0% used [0x00000000eb100000,0x00000000eb100000,0x00000000ec100000)
 ParOldGen       total 50176K, used 49890K [0x00000000a0000000, 0x00000000a3100000, 0x00000000e0000000)
  object space 50176K, 99% used [0x00000000a0000000,0x00000000a30b89c0,0x00000000a3100000)
 Metaspace       used 56956K, capacity 58984K, committed 59028K, reserved 1099776K
  class space    used 7792K, capacity 8366K, committed 8380K, reserved 1048576K

